This is pdfTeXk, Version 3.1415926-1.40.9 (Web2C 7.5.7) (format=pdflatex 2008.8.22)  17 APR 2009 16:05
entering extended mode
\write18 enabled.
 %&-line parsing enabled.
**logscope-manual.tex
(./logscope-manual.tex
LaTeX2e <2005/12/01>
Babel <v3.8l> and hyphenation patterns for english, usenglishmax, dumylang, noh
yphenation, german-x-2008-06-18, ngerman-x-2008-06-18, ancientgreek, ibycus, ar
abic, basque, bulgarian, catalan, pinyin, coptic, croatian, czech, danish, dutc
h, esperanto, estonian, farsi, finnish, french, galician, german, ngerman, mono
greek, greek, hungarian, icelandic, indonesian, interlingua, irish, italian, la
tin, mongolian, mongolian2a, bokmal, nynorsk, polish, portuguese, romanian, rus
sian, sanskrit, serbian, slovak, slovenian, spanish, swedish, turkish, ukenglis
h, ukrainian, uppersorbian, welsh, loaded.
(/usr/local/texlive/2008/texmf-dist/tex/latex/base/report.cls
Document Class: report 2005/09/16 v1.4f Standard LaTeX document class
(/usr/local/texlive/2008/texmf-dist/tex/latex/base/size10.clo
File: size10.clo 2005/09/16 v1.4f Standard LaTeX file (size option)
)
\c@part=\count79
\c@chapter=\count80
\c@section=\count81
\c@subsection=\count82
\c@subsubsection=\count83
\c@paragraph=\count84
\c@subparagraph=\count85
\c@figure=\count86
\c@table=\count87
\abovecaptionskip=\skip41
\belowcaptionskip=\skip42
\bibindent=\dimen102
)
(/usr/local/texlive/2008/texmf-dist/tex/latex/base/alltt.sty
Package: alltt 1997/06/16 v2.0g defines alltt environment
)
(/usr/local/texlive/2008/texmf-dist/tex/generic/epsf/epsf.sty
This is `epsf.tex' v2.7.3 <23 July 2005>
\epsffilein=\read1
\epsfframemargin=\dimen103
\epsfframethickness=\dimen104
\epsfrsize=\dimen105
\epsftmp=\dimen106
\epsftsize=\dimen107
\epsfxsize=\dimen108
\epsfysize=\dimen109
\pspoints=\dimen110
) (/usr/local/texlive/2008/texmf-dist/tex/latex/graphics/epsfig.sty
Package: epsfig 1999/02/16 v1.7a (e)psfig emulation (SPQR)

(/usr/local/texlive/2008/texmf-dist/tex/latex/graphics/graphicx.sty
Package: graphicx 1999/02/16 v1.0f Enhanced LaTeX Graphics (DPC,SPQR)

(/usr/local/texlive/2008/texmf-dist/tex/latex/graphics/keyval.sty
Package: keyval 1999/03/16 v1.13 key=value parser (DPC)
\KV@toks@=\toks14
)
(/usr/local/texlive/2008/texmf-dist/tex/latex/graphics/graphics.sty
Package: graphics 2006/02/20 v1.0o Standard LaTeX Graphics (DPC,SPQR)

(/usr/local/texlive/2008/texmf-dist/tex/latex/graphics/trig.sty
Package: trig 1999/03/16 v1.09 sin cos tan (DPC)
)
(/usr/local/texlive/2008/texmf/tex/latex/config/graphics.cfg
File: graphics.cfg 2007/01/18 v1.5 graphics configuration of teTeX/TeXLive
)
Package graphics Info: Driver file: pdftex.def on input line 90.

(/usr/local/texlive/2008/texmf-dist/tex/latex/pdftex-def/pdftex.def
File: pdftex.def 2008/07/16 v0.04k Graphics/color for pdfTeX
\Gread@gobject=\count88
))
\Gin@req@height=\dimen111
\Gin@req@width=\dimen112
)
\epsfxsize=\dimen113
\epsfysize=\dimen114
)
(/usr/local/texlive/2008/texmf-dist/tex/latex/amsmath/amsmath.sty
Package: amsmath 2000/07/18 v2.13 AMS math features
\@mathmargin=\skip43

For additional information on amsmath, use the `?' option.
(/usr/local/texlive/2008/texmf-dist/tex/latex/amsmath/amstext.sty
Package: amstext 2000/06/29 v2.01

(/usr/local/texlive/2008/texmf-dist/tex/latex/amsmath/amsgen.sty
File: amsgen.sty 1999/11/30 v2.0
\@emptytoks=\toks15
\ex@=\dimen115
))
(/usr/local/texlive/2008/texmf-dist/tex/latex/amsmath/amsbsy.sty
Package: amsbsy 1999/11/29 v1.2d
\pmbraise@=\dimen116
)
(/usr/local/texlive/2008/texmf-dist/tex/latex/amsmath/amsopn.sty
Package: amsopn 1999/12/14 v2.01 operator names
)
\inf@bad=\count89
LaTeX Info: Redefining \frac on input line 211.
\uproot@=\count90
\leftroot@=\count91
LaTeX Info: Redefining \overline on input line 307.
\classnum@=\count92
\DOTSCASE@=\count93
LaTeX Info: Redefining \ldots on input line 379.
LaTeX Info: Redefining \dots on input line 382.
LaTeX Info: Redefining \cdots on input line 467.
\Mathstrutbox@=\box26
\strutbox@=\box27
\big@size=\dimen117
LaTeX Font Info:    Redeclaring font encoding OML on input line 567.
LaTeX Font Info:    Redeclaring font encoding OMS on input line 568.
\macc@depth=\count94
\c@MaxMatrixCols=\count95
\dotsspace@=\muskip10
\c@parentequation=\count96
\dspbrk@lvl=\count97
\tag@help=\toks16
\row@=\count98
\column@=\count99
\maxfields@=\count100
\andhelp@=\toks17
\eqnshift@=\dimen118
\alignsep@=\dimen119
\tagshift@=\dimen120
\tagwidth@=\dimen121
\totwidth@=\dimen122
\lineht@=\dimen123
\@envbody=\toks18
\multlinegap=\skip44
\multlinetaggap=\skip45
\mathdisplay@stack=\toks19
LaTeX Info: Redefining \[ on input line 2666.
LaTeX Info: Redefining \] on input line 2667.
)
(/usr/local/texlive/2008/texmf-dist/tex/latex/amsfonts/amssymb.sty
Package: amssymb 2002/01/22 v2.2d

(/usr/local/texlive/2008/texmf-dist/tex/latex/amsfonts/amsfonts.sty
Package: amsfonts 2001/10/25 v2.2f
\symAMSa=\mathgroup4
\symAMSb=\mathgroup5
LaTeX Font Info:    Overwriting math alphabet `\mathfrak' in version `bold'
(Font)                  U/euf/m/n --> U/euf/b/n on input line 132.
))
(/usr/local/texlive/2008/texmf-dist/tex/latex/tools/enumerate.sty
Package: enumerate 1999/03/05 v3.00 enumerate extensions (DPC)
\@enLab=\toks20
)
(/usr/local/texlive/2008/texmf-dist/tex/latex/graphics/color.sty
Package: color 2005/11/14 v1.0j Standard LaTeX Color (DPC)

(/usr/local/texlive/2008/texmf/tex/latex/config/color.cfg
File: color.cfg 2007/01/18 v1.5 color configuration of teTeX/TeXLive
)
Package color Info: Driver file: pdftex.def on input line 130.
)
(/usr/local/texlive/2008/texmf-dist/tex/latex/pslatex/pslatex.sty
Package: pslatex 1996/07/24 v1.2 pslatex emulation (DPC)
LaTeX Font Info:    Redeclaring symbol font `operators' on input line 65.
LaTeX Font Info:    Overwriting symbol font `operators' in version `normal'
(Font)                  OT1/cmr/m/n --> OT1/ptmcm/m/n on input line 65.
LaTeX Font Info:    Overwriting symbol font `operators' in version `bold'
(Font)                  OT1/cmr/bx/n --> OT1/ptmcm/m/n on input line 65.
LaTeX Font Info:    Redeclaring symbol font `letters' on input line 66.
LaTeX Font Info:    Overwriting symbol font `letters' in version `normal'
(Font)                  OML/cmm/m/it --> OML/ptmcm/m/it on input line 66.
LaTeX Font Info:    Overwriting symbol font `letters' in version `bold'
(Font)                  OML/cmm/b/it --> OML/ptmcm/m/it on input line 66.
LaTeX Font Info:    Redeclaring symbol font `symbols' on input line 67.
LaTeX Font Info:    Overwriting symbol font `symbols' in version `normal'
(Font)                  OMS/cmsy/m/n --> OMS/pzccm/m/n on input line 67.
LaTeX Font Info:    Overwriting symbol font `symbols' in version `bold'
(Font)                  OMS/cmsy/b/n --> OMS/pzccm/m/n on input line 67.
LaTeX Font Info:    Redeclaring symbol font `largesymbols' on input line 68.
LaTeX Font Info:    Overwriting symbol font `largesymbols' in version `normal'
(Font)                  OMX/cmex/m/n --> OMX/psycm/m/n on input line 68.
LaTeX Font Info:    Overwriting symbol font `largesymbols' in version `bold'
(Font)                  OMX/cmex/m/n --> OMX/psycm/m/n on input line 68.
\symbold=\mathgroup6
\symitalic=\mathgroup7
LaTeX Font Info:    Redeclaring math alphabet \mathbf on input line 74.
LaTeX Font Info:    Overwriting math alphabet `\mathbf' in version `normal'
(Font)                  OT1/cmr/bx/n --> OT1/ptm/bx/n on input line 74.
LaTeX Font Info:    Overwriting math alphabet `\mathbf' in version `bold'
(Font)                  OT1/cmr/bx/n --> OT1/ptm/bx/n on input line 74.
LaTeX Font Info:    Redeclaring math alphabet \mathit on input line 75.
LaTeX Font Info:    Overwriting math alphabet `\mathit' in version `normal'
(Font)                  OT1/cmr/m/it --> OT1/ptm/m/it on input line 75.
LaTeX Font Info:    Overwriting math alphabet `\mathit' in version `bold'
(Font)                  OT1/cmr/bx/it --> OT1/ptm/m/it on input line 75.
)
(./fancybox.sty
Style option: `fancybox' v1.0 <93/02/10> (tvz)
\@fancybox=\box28
\shadowsize=\dimen124
\@Sbox=\box29
\do@VerbBox=\toks21
\the@fancyput=\toks22
\this@fancyput=\toks23
\EndVerbatimTokens=\toks24
\Verbatim@Outfile=\write3
\Verbatim@Infile=\read2
) (./logscope-manual.aux)
\openout1 = `logscope-manual.aux'.

LaTeX Font Info:    Checking defaults for OML/cmm/m/it on input line 41.
LaTeX Font Info:    ... okay on input line 41.
LaTeX Font Info:    Checking defaults for T1/cmr/m/n on input line 41.
LaTeX Font Info:    ... okay on input line 41.
LaTeX Font Info:    Checking defaults for OT1/cmr/m/n on input line 41.
LaTeX Font Info:    ... okay on input line 41.
LaTeX Font Info:    Checking defaults for OMS/pzccm/m/n on input line 41.
LaTeX Font Info:    Try loading font information for OMS+pzccm on input line 41
.

(/usr/local/texlive/2008/texmf-dist/tex/latex/psnfss/omspzccm.fd
File: omspzccm.fd 2000/01/03 Fontinst v1.801 font definitions for OMS/pzccm.
)
LaTeX Font Info:    ... okay on input line 41.
LaTeX Font Info:    Checking defaults for OMX/cmex/m/n on input line 41.
LaTeX Font Info:    ... okay on input line 41.
LaTeX Font Info:    Checking defaults for U/cmr/m/n on input line 41.
LaTeX Font Info:    ... okay on input line 41.

(/usr/local/texlive/2008/texmf-dist/tex/context/base/supp-pdf.tex
[Loading MPS to PDF converter (version 2006.09.02).]
\scratchcounter=\count101
\scratchdimen=\dimen125
\scratchbox=\box30
\nofMPsegments=\count102
\nofMParguments=\count103
\everyMPshowfont=\toks25
\MPscratchCnt=\count104
\MPscratchDim=\dimen126
\MPnumerator=\count105
\everyMPtoPDFconversion=\toks26
) <graphics/logo.pdf, id=1, 794.97pt x 614.295pt>
File: graphics/logo.pdf Graphic file (type pdf)
 <use graphics/logo.pdf>
LaTeX Font Info:    Try loading font information for OT1+ptmcm on input line 56
.

(/usr/local/texlive/2008/texmf-dist/tex/latex/psnfss/ot1ptmcm.fd
File: ot1ptmcm.fd 2000/01/03 Fontinst v1.801 font definitions for OT1/ptmcm.
)
LaTeX Font Info:    Try loading font information for OML+ptmcm on input line 56
.

(/usr/local/texlive/2008/texmf-dist/tex/latex/psnfss/omlptmcm.fd
File: omlptmcm.fd 2000/01/03 Fontinst v1.801 font definitions for OML/ptmcm.
)
LaTeX Font Info:    Try loading font information for OMX+psycm on input line 56
.

(/usr/local/texlive/2008/texmf-dist/tex/latex/psnfss/omxpsycm.fd
File: omxpsycm.fd 2000/01/03 Fontinst v1.801 font definitions for OMX/psycm.
)
LaTeX Font Info:    Try loading font information for U+msa on input line 56.

(/usr/local/texlive/2008/texmf-dist/tex/latex/amsfonts/umsa.fd
File: umsa.fd 2002/01/19 v2.2g AMS font definitions
)
LaTeX Font Info:    Try loading font information for U+msb on input line 56.

(/usr/local/texlive/2008/texmf-dist/tex/latex/amsfonts/umsb.fd
File: umsb.fd 2002/01/19 v2.2g AMS font definitions
)
LaTeX Font Info:    Font shape `OT1/ptm/bx/n' in size <12> not available
(Font)              Font shape `OT1/ptm/b/n' tried instead on input line 56.
LaTeX Font Info:    Font shape `OT1/ptm/bx/n' in size <9> not available
(Font)              Font shape `OT1/ptm/b/n' tried instead on input line 56.
LaTeX Font Info:    Font shape `OT1/ptm/bx/n' in size <7> not available
(Font)              Font shape `OT1/ptm/b/n' tried instead on input line 56.
 [1

{/usr/local/texlive/2008/texmf-var/fonts/map/pdftex/updmap/pdftex.map} <./graph
ics/logo.pdf>]
LaTeX Font Info:    Font shape `OT1/ptm/bx/n' in size <10> not available
(Font)              Font shape `OT1/ptm/b/n' tried instead on input line 59.
 [1] [1]
LaTeX Font Info:    Font shape `OT1/ptm/bx/n' in size <24.88> not available
(Font)              Font shape `OT1/ptm/b/n' tried instead on input line 82.
 (./logscope-manual.toc
LaTeX Font Info:    Font shape `OT1/ptm/bx/n' in size <7.4> not available
(Font)              Font shape `OT1/ptm/b/n' tried instead on input line 4.
LaTeX Font Info:    Font shape `OT1/ptm/bx/n' in size <6> not available
(Font)              Font shape `OT1/ptm/b/n' tried instead on input line 4.
 [2

])
\tf@toc=\write4
\openout4 = `logscope-manual.toc'.

 [3]
Chapter 1.
LaTeX Font Info:    Font shape `OT1/ptm/bx/n' in size <20.74> not available
(Font)              Font shape `OT1/ptm/b/n' tried instead on input line 84.
[4

]
Chapter 2.
LaTeX Font Info:    Font shape `OT1/ptm/bx/n' in size <8> not available
(Font)              Font shape `OT1/ptm/b/n' tried instead on input line 126.
LaTeX Font Info:    Font shape `OT1/ptm/bx/n' in size <5> not available
(Font)              Font shape `OT1/ptm/b/n' tried instead on input line 126.
LaTeX Font Info:    Font shape `OMS/ptm/m/n' in size <10> not available
(Font)              Font shape `OMS/pzccm/m/n' tried instead on input line 129.

LaTeX Font Info:    Font shape `OT1/ptm/bx/it' in size <10> not available
(Font)              Font shape `OT1/ptm/b/it' tried instead on input line 152.
LaTeX Font Info:    Try loading font information for OMS+pcr on input line 153.

(/usr/local/texlive/2008/texmf-dist/tex/latex/psnfss/omspcr.fd
File: omspcr.fd 
)
LaTeX Font Info:    Font shape `OMS/pcr/m/n' in size <10> not available
(Font)              Font shape `OMS/cmsy/m/n' tried instead on input line 153.
 [5

]
Overfull \hbox (8.11824pt too wide) in paragraph at lines 175--175
[]    \OMS/cmsy/m/n/10 f\OT1/pcr/m/n/10 "OBJ_TYPE" : "EVR",  "Dispatch" : "PICT
", "Number" : 231\OMS/cmsy/m/n/10 g\OT1/pcr/m/n/10 ,[] 
 []


Overfull \hbox (3.01826pt too wide) in paragraph at lines 177--177
[]    \OMS/cmsy/m/n/10 f\OT1/pcr/m/n/10 "OBJ_TYPE" : "EVR",  "Success" : "PICT"
, "Number" : 231\OMS/cmsy/m/n/10 g\OT1/pcr/m/n/10 ,[] 
 []

[6]
Chapter 3.
LaTeX Font Info:    Font shape `OT1/ptm/bx/n' in size <14.4> not available
(Font)              Font shape `OT1/ptm/b/n' tried instead on input line 189.
[7

] [8] [9] [10] [11] [12] [13] [14]
Overfull \hbox (6.48737pt too wide) in paragraph at lines 576--578
[]\OT1/ptm/m/n/10 code frag-ments within []\OT1/pcr/m/n/10 {: ... :} \OT1/ptm/m
/n/10 should not cover more than one line. \OT1/ptm/m/sc/10 Python\OT1/ptm/m/n/
10 's
 []

[15] [16] [17]
Chapter 4.
[18

] [19] [20] [21] [22] [23]
Chapter 5.
<graphics/A_P3.png, id=149, 747.79375pt x 775.89874pt>
File: graphics/A_P3.png Graphic file (type png)
 <use graphics/A_P3.png>
<graphics/A_P4.png, id=150, 692.5875pt x 521.95pt>
File: graphics/A_P4.png Graphic file (type png)
 <use graphics/A_P4.png>
[24

] [25 <./graphics/A_P3.png (PNG copy)>] [26 <./graphics/A_P4.png (PNG copy)>]
Chapter 6.

Overfull \hbox (15.23569pt too wide) in paragraph at lines 899--900
\OT1/ptm/m/n/10 The \OT1/ptm/m/sc/10 LogScope \OT1/ptm/m/n/10 API for mon-i-tor
-ing is very sim-ple and con-sists of three classes: \OT1/pcr/m/n/10 Observer\O
T1/ptm/m/n/10 ,
 []

[27

]
Overfull \hbox (33.54631pt too wide) in paragraph at lines 929--930
[]\OT1/ptm/m/n/10 a string : de-not-ing an ab-so-lute name of a file con-tain-i
ng a spec-i-fi-ca-tion in \OT1/ptm/m/sc/10 LogScope/SL\OT1/ptm/m/n/10 . 
 []


Overfull \hbox (3.21819pt too wide) in paragraph at lines 951--951
[]\OT1/pcr/m/n/10 # create an event log, in this case hand-made, but can also b
e[] 
 []


Overfull \hbox (3.01826pt too wide) in paragraph at lines 957--957
[]    \OMS/cmsy/m/n/10 f\OT1/pcr/m/n/10 "OBJ_TYPE" : "EVR", "Dispatch" : "PICT"
, "Number" : 231\OMS/cmsy/m/n/10 g\OT1/pcr/m/n/10 ,[] 
 []


Overfull \hbox (8.31816pt too wide) in paragraph at lines 968--968
[]\OT1/pcr/m/n/10 # instantiate the Observer class providing a total path name 
of[] 
 []

[28] [29] [30]
Overfull \hbox (6.89832pt too wide) in paragraph at lines 1078--1078
[]\OT1/pcr/m/n/10 5 events processed in 0 minutes and 0.00110 seconds (4545 eve
nts/sec)[] 
 []

[31] <graphics/P1dot.png, id=176, 581.17125pt x 631.35875pt>
File: graphics/P1dot.png Graphic file (type png)

<use graphics/P1dot.png>
<graphics/P2dot.png, id=178, 561.09625pt x 679.53876pt>
File: graphics/P2dot.png Graphic file (type png)

<use graphics/P2dot.png>
Overfull \hbox (8.11824pt too wide) in paragraph at lines 1123--1123
[]    \OMS/cmsy/m/n/10 f\OT1/pcr/m/n/10 "OBJ_TYPE" : "EVR",  "Dispatch" : "PICT
", "Number" : 231\OMS/cmsy/m/n/10 g\OT1/pcr/m/n/10 ,[] 
 []


Overfull \hbox (3.01826pt too wide) in paragraph at lines 1125--1125
[]\OT1/pcr/m/n/10 ->  \OMS/cmsy/m/n/10 f\OT1/pcr/m/n/10 "OBJ_TYPE" : "EVR",  "F
ailure" : "PICT", "Number" : 231\OMS/cmsy/m/n/10 g\OT1/pcr/m/n/10 ,[] 
 []

[32] [33 <./graphics/P1dot.png> <./graphics/P2dot.png>] [34] [35]
Overfull \hbox (6.89832pt too wide) in paragraph at lines 1260--1260
[]\OT1/pcr/m/n/10 5 events processed in 0 minutes and 0.00121 seconds (4128 eve
nts/sec)[] 
 []

[36] [37] [38]
Overfull \hbox (1.55705pt too wide) in paragraph at lines 1420--1428
\OT1/ptm/m/n/10 concerns prop-erty \OT1/pcr/m/n/10 P9\OT1/ptm/m/n/10 , specif-i
-cally the \OT1/pcr/m/n/10 DataNumber \OT1/ptm/m/n/10 field, and the er-ror mes
-sage: \OT1/pcr/m/n/10 result
 []


Overfull \hbox (5.66759pt too wide) in paragraph at lines 1420--1428
\OT1/pcr/m/n/10 of indexing into number must be 0 or 1\OT1/ptm/m/n/10 . Then th
e con-flict-ing spec-i-fi-ca-tion con-
 []


Overfull \hbox (8.90805pt too wide) in paragraph at lines 1420--1428
\OT1/ptm/m/n/10 di-tion []\OT1/pcr/m/n/10 CHANNEL{DataNumber : {0:"1"}}\OT1/ptm
/m/n/10 , and log event: []\OT1/pcr/m/n/10 CHANNEL 3{...}\OT1/ptm/m/n/10 , are 
shown,
 []

[39] [40]
Chapter 7.
[41

] [42]
Overfull \hbox (73.198pt too wide) in paragraph at lines 1562--1562
[] \OT1/pcr/m/n/10 {"OBJ_TYPE" : "CHANNEL", "ChannelId" : 3, "DataNumber" : 6},
 # change data number[] 
 []

[43]
Overfull \hbox (37.49817pt too wide) in paragraph at lines 1562--1562
[]\OT1/pcr/m/n/10 learner = lsm.ConcreteLearner("LogPattern",resultdir + "/LogP
attern1.spec")[] 
 []

[44] <graphics/LearnedPattern1.png, id=222, 718.685pt x 791.95876pt>
File: graphics/LearnedPattern1.png Graphic file (type png)

<use graphics/LearnedPattern1.png>
<graphics/LearnedPattern2.png, id=223, 1058.95625pt x 826.08624pt>
File: graphics/LearnedPattern2.png Graphic file (type png)

<use graphics/LearnedPattern2.png>

LaTeX Warning: Float too large for page by 20.41573pt on input line 1585.

[45] [46 <./graphics/LearnedPattern1.png (PNG copy)> <./graphics/LearnedPattern
2.png (PNG copy)>]
Appendix A.
[47

] [48] [49]
Appendix B.
(./logscope-manual.bbl [50

]) [51

] (./logscope-manual.aux) ) 
Here is how much of TeX's memory you used:
 2567 strings out of 493886
 32409 string characters out of 1151099
 82716 words of memory out of 3000000
 5766 multiletter control sequences out of 10000+50000
 63211 words of font info for 124 fonts, out of 3000000 for 5000
 714 hyphenation exceptions out of 8191
 32i,8n,24p,663b,361s stack positions out of 5000i,500n,10000p,200000b,50000s
{/usr/local/texlive/2008/texmf-dist/fonts/enc/dvips/
base/8r.enc}</usr/local/texlive/2008/texmf-dist/fonts/type1/bluesky/cm/cmmi10.p
fb></usr/local/texlive/2008/texmf-dist/fonts/type1/bluesky/cm/cmr10.pfb></usr/l
ocal/texlive/2008/texmf-dist/fonts/type1/bluesky/cm/cmsy10.pfb></usr/local/texl
ive/2008/texmf-dist/fonts/type1/urw/courier/ucrr8a.pfb></usr/local/texlive/2008
/texmf-dist/fonts/type1/urw/times/utmb8a.pfb></usr/local/texlive/2008/texmf-dis
t/fonts/type1/urw/times/utmbi8a.pfb></usr/local/texlive/2008/texmf-dist/fonts/t
ype1/urw/times/utmr8a.pfb></usr/local/texlive/2008/texmf-dist/fonts/type1/urw/t
imes/utmri8a.pfb>
Output written on logscope-manual.pdf (53 pages, 839077 bytes).
PDF statistics:
 275 PDF objects out of 1000 (max. 8388607)
 0 named destinations out of 1000 (max. 131072)
 36 words of extra memory for PDF output out of 10000 (max. 10000000)

